[0.011s] Invoking command in '/home/stephber/go_sim/src/build/quadropted_controller': /usr/bin/cmake /home/stephber/go_sim/src/quadropted_controller -DAMENT_CMAKE_SYMLINK_INSTALL=1 -DCMAKE_INSTALL_PREFIX=/home/stephber/go_sim/src/install/quadropted_controller
[0.150s] -- The C compiler identification is GNU 11.4.0
[0.231s] -- The CXX compiler identification is GNU 11.4.0
[0.239s] -- Detecting C compiler ABI info
[0.287s] -- Detecting C compiler ABI info - done
[0.291s] -- Check for working C compiler: /usr/bin/cc - skipped
[0.291s] -- Detecting C compile features
[0.292s] -- Detecting C compile features - done
[0.294s] -- Detecting CXX compiler ABI info
[0.339s] -- Detecting CXX compiler ABI info - done
[0.343s] -- Check for working CXX compiler: /usr/bin/c++ - skipped
[0.343s] -- Detecting CXX compile features
[0.343s] -- Detecting CXX compile features - done
[0.354s] [31mCMake Error at CMakeLists.txt:4 (find_package):
[0.354s]   By not providing "Findament_cmake.cmake" in CMAKE_MODULE_PATH this project
[0.354s]   has asked CMake to find a package configuration file provided by
[0.354s]   "ament_cmake", but CMake did not find one.
[0.354s] 
[0.354s]   Could not find a package configuration file provided by "ament_cmake" with
[0.354s]   any of the following names:
[0.354s] 
[0.354s]     ament_cmakeConfig.cmake
[0.354s]     ament_cmake-config.cmake
[0.354s] 
[0.354s]   Add the installation prefix of "ament_cmake" to CMAKE_PREFIX_PATH or set
[0.354s]   "ament_cmake_DIR" to a directory containing one of the above files.  If
[0.355s]   "ament_cmake" provides a separate development package or SDK, be sure it
[0.355s]   has been installed.
[0.355s] 
[0.355s] [0m
[0.355s] -- Configuring incomplete, errors occurred!
[0.355s] See also "/home/stephber/go_sim/src/build/quadropted_controller/CMakeFiles/CMakeOutput.log".
[0.357s] Invoked command in '/home/stephber/go_sim/src/build/quadropted_controller' returned '1': /usr/bin/cmake /home/stephber/go_sim/src/quadropted_controller -DAMENT_CMAKE_SYMLINK_INSTALL=1 -DCMAKE_INSTALL_PREFIX=/home/stephber/go_sim/src/install/quadropted_controller
