[0.010s] Invoking command in '/home/stephber/go_sim/src/build/go2_description': /usr/bin/cmake /home/stephber/go_sim/src/go2_description -DAMENT_CMAKE_SYMLINK_INSTALL=1 -DCMAKE_INSTALL_PREFIX=/home/stephber/go_sim/src/install/go2_description
[0.152s] -- The C compiler identification is GNU 11.4.0
[0.232s] -- The CXX compiler identification is GNU 11.4.0
[0.240s] -- Detecting C compiler ABI info
[0.289s] -- Detecting C compiler ABI info - done
[0.292s] -- Check for working C compiler: /usr/bin/cc - skipped
[0.293s] -- Detecting C compile features
[0.293s] -- Detecting C compile features - done
[0.296s] -- Detecting CXX compiler ABI info
[0.341s] -- Detecting CXX compiler ABI info - done
[0.347s] -- Check for working CXX compiler: /usr/bin/c++ - skipped
[0.347s] -- Detecting CXX compile features
[0.347s] -- Detecting CXX compile features - done
[0.352s] [31mCMake Error at CMakeLists.txt:4 (find_package):
[0.352s]   By not providing "Findament_cmake.cmake" in CMAKE_MODULE_PATH this project
[0.352s]   has asked CMake to find a package configuration file provided by
[0.352s]   "ament_cmake", but CMake did not find one.
[0.352s] 
[0.352s]   Could not find a package configuration file provided by "ament_cmake" with
[0.352s]   any of the following names:
[0.352s] 
[0.352s]     ament_cmakeConfig.cmake
[0.352s]     ament_cmake-config.cmake
[0.352s] 
[0.352s]   Add the installation prefix of "ament_cmake" to CMAKE_PREFIX_PATH or set
[0.352s]   "ament_cmake_DIR" to a directory containing one of the above files.  If
[0.352s]   "ament_cmake" provides a separate development package or SDK, be sure it
[0.352s]   has been installed.
[0.352s] 
[0.352s] [0m
[0.352s] -- Configuring incomplete, errors occurred!
[0.352s] See also "/home/stephber/go_sim/src/build/go2_description/CMakeFiles/CMakeOutput.log".
[0.358s] Invoked command in '/home/stephber/go_sim/src/build/go2_description' returned '1': /usr/bin/cmake /home/stephber/go_sim/src/go2_description -DAMENT_CMAKE_SYMLINK_INSTALL=1 -DCMAKE_INSTALL_PREFIX=/home/stephber/go_sim/src/install/go2_description
