[0.108s] DEBUG:colcon:Command line arguments: ['/usr/bin/colcon', 'build', '--symlink-install']
[0.108s] DEBUG:colcon:Parsed command line arguments: Namespace(log_base=None, log_level=None, verb_name='build', build_base='build', install_base='install', merge_install=False, symlink_install=True, test_result_base=None, continue_on_error=False, executor='parallel', parallel_workers=20, event_handlers=None, ignore_user_meta=False, metas=['./colcon.meta'], base_paths=['.'], packages_ignore=None, packages_ignore_regex=None, paths=None, packages_up_to=None, packages_up_to_regex=None, packages_above=None, packages_above_and_dependencies=None, packages_above_depth=None, packages_select_by_dep=None, packages_skip_by_dep=None, packages_skip_up_to=None, packages_select_build_failed=False, packages_skip_build_finished=False, packages_select_test_failures=False, packages_skip_test_passed=False, packages_select=None, packages_skip=None, packages_select_regex=None, packages_skip_regex=None, packages_start=None, packages_end=None, allow_overriding=[], cmake_args=None, cmake_target=None, cmake_target_skip_unavailable=False, cmake_clean_cache=False, cmake_clean_first=False, cmake_force_configure=False, ament_cmake_args=None, catkin_cmake_args=None, catkin_skip_building_tests=False, verb_parser=<colcon_defaults.argument_parser.defaults.DefaultArgumentsDecorator object at 0x71c2079e6c20>, verb_extension=<colcon_core.verb.build.BuildVerb object at 0x71c2079e5b70>, main=<bound method BuildVerb.main of <colcon_core.verb.build.BuildVerb object at 0x71c2079e5b70>>)
[0.205s] Level 1:colcon.colcon_core.package_discovery:discover_packages(colcon_meta) check parameters
[0.206s] Level 1:colcon.colcon_core.package_discovery:discover_packages(recursive) check parameters
[0.206s] Level 1:colcon.colcon_core.package_discovery:discover_packages(ignore) check parameters
[0.206s] Level 1:colcon.colcon_core.package_discovery:discover_packages(path) check parameters
[0.206s] Level 1:colcon.colcon_core.package_discovery:discover_packages(colcon_meta) discover
[0.206s] Level 1:colcon.colcon_core.package_discovery:discover_packages(recursive) discover
[0.206s] INFO:colcon.colcon_core.package_discovery:Crawling recursively for packages in '/home/stephber/go_sim/src'
[0.206s] Level 1:colcon.colcon_core.package_identification:_identify(.) by extensions ['ignore', 'ignore_ament_install']
[0.206s] Level 1:colcon.colcon_core.package_identification:_identify(.) by extension 'ignore'
[0.206s] Level 1:colcon.colcon_core.package_identification:_identify(.) by extension 'ignore_ament_install'
[0.206s] Level 1:colcon.colcon_core.package_identification:_identify(.) by extensions ['colcon_pkg']
[0.206s] Level 1:colcon.colcon_core.package_identification:_identify(.) by extension 'colcon_pkg'
[0.206s] Level 1:colcon.colcon_core.package_identification:_identify(.) by extensions ['colcon_meta']
[0.206s] Level 1:colcon.colcon_core.package_identification:_identify(.) by extension 'colcon_meta'
[0.206s] Level 1:colcon.colcon_core.package_identification:_identify(.) by extensions ['ros']
[0.206s] Level 1:colcon.colcon_core.package_identification:_identify(.) by extension 'ros'
[0.214s] Level 1:colcon.colcon_core.package_identification:_identify(.) by extensions ['cmake', 'python']
[0.214s] Level 1:colcon.colcon_core.package_identification:_identify(.) by extension 'cmake'
[0.215s] Level 1:colcon.colcon_core.package_identification:_identify(.) by extension 'python'
[0.215s] Level 1:colcon.colcon_core.package_identification:_identify(.) by extensions ['python_setup_py']
[0.215s] Level 1:colcon.colcon_core.package_identification:_identify(.) by extension 'python_setup_py'
[0.215s] Level 1:colcon.colcon_core.package_identification:_identify(build) by extensions ['ignore', 'ignore_ament_install']
[0.215s] Level 1:colcon.colcon_core.package_identification:_identify(build) by extension 'ignore'
[0.215s] Level 1:colcon.colcon_core.package_identification:_identify(build) ignored
[0.215s] Level 1:colcon.colcon_core.package_identification:_identify(docker) by extensions ['ignore', 'ignore_ament_install']
[0.215s] Level 1:colcon.colcon_core.package_identification:_identify(docker) by extension 'ignore'
[0.215s] Level 1:colcon.colcon_core.package_identification:_identify(docker) by extension 'ignore_ament_install'
[0.215s] Level 1:colcon.colcon_core.package_identification:_identify(docker) by extensions ['colcon_pkg']
[0.215s] Level 1:colcon.colcon_core.package_identification:_identify(docker) by extension 'colcon_pkg'
[0.215s] Level 1:colcon.colcon_core.package_identification:_identify(docker) by extensions ['colcon_meta']
[0.215s] Level 1:colcon.colcon_core.package_identification:_identify(docker) by extension 'colcon_meta'
[0.215s] Level 1:colcon.colcon_core.package_identification:_identify(docker) by extensions ['ros']
[0.215s] Level 1:colcon.colcon_core.package_identification:_identify(docker) by extension 'ros'
[0.215s] Level 1:colcon.colcon_core.package_identification:_identify(docker) by extensions ['cmake', 'python']
[0.215s] Level 1:colcon.colcon_core.package_identification:_identify(docker) by extension 'cmake'
[0.215s] Level 1:colcon.colcon_core.package_identification:_identify(docker) by extension 'python'
[0.215s] Level 1:colcon.colcon_core.package_identification:_identify(docker) by extensions ['python_setup_py']
[0.215s] Level 1:colcon.colcon_core.package_identification:_identify(docker) by extension 'python_setup_py'
[0.215s] Level 1:colcon.colcon_core.package_identification:_identify(gazebo_sim) by extensions ['ignore', 'ignore_ament_install']
[0.215s] Level 1:colcon.colcon_core.package_identification:_identify(gazebo_sim) by extension 'ignore'
[0.215s] Level 1:colcon.colcon_core.package_identification:_identify(gazebo_sim) by extension 'ignore_ament_install'
[0.215s] Level 1:colcon.colcon_core.package_identification:_identify(gazebo_sim) by extensions ['colcon_pkg']
[0.215s] Level 1:colcon.colcon_core.package_identification:_identify(gazebo_sim) by extension 'colcon_pkg'
[0.215s] Level 1:colcon.colcon_core.package_identification:_identify(gazebo_sim) by extensions ['colcon_meta']
[0.215s] Level 1:colcon.colcon_core.package_identification:_identify(gazebo_sim) by extension 'colcon_meta'
[0.215s] Level 1:colcon.colcon_core.package_identification:_identify(gazebo_sim) by extensions ['ros']
[0.215s] Level 1:colcon.colcon_core.package_identification:_identify(gazebo_sim) by extension 'ros'
[0.218s] DEBUG:colcon.colcon_core.package_identification:Package 'gazebo_sim' with type 'ros.ament_cmake' and name 'gazebo_sim'
[0.218s] Level 1:colcon.colcon_core.package_identification:_identify(go1_description) by extensions ['ignore', 'ignore_ament_install']
[0.218s] Level 1:colcon.colcon_core.package_identification:_identify(go1_description) by extension 'ignore'
[0.218s] Level 1:colcon.colcon_core.package_identification:_identify(go1_description) by extension 'ignore_ament_install'
[0.218s] Level 1:colcon.colcon_core.package_identification:_identify(go1_description) by extensions ['colcon_pkg']
[0.218s] Level 1:colcon.colcon_core.package_identification:_identify(go1_description) by extension 'colcon_pkg'
[0.218s] Level 1:colcon.colcon_core.package_identification:_identify(go1_description) by extensions ['colcon_meta']
[0.218s] Level 1:colcon.colcon_core.package_identification:_identify(go1_description) by extension 'colcon_meta'
[0.218s] Level 1:colcon.colcon_core.package_identification:_identify(go1_description) by extensions ['ros']
[0.218s] Level 1:colcon.colcon_core.package_identification:_identify(go1_description) by extension 'ros'
[0.220s] DEBUG:colcon.colcon_core.package_identification:Package 'go1_description' with type 'ros.ament_cmake' and name 'go1_description'
[0.220s] Level 1:colcon.colcon_core.package_identification:_identify(go2_description) by extensions ['ignore', 'ignore_ament_install']
[0.220s] Level 1:colcon.colcon_core.package_identification:_identify(go2_description) by extension 'ignore'
[0.220s] Level 1:colcon.colcon_core.package_identification:_identify(go2_description) by extension 'ignore_ament_install'
[0.220s] Level 1:colcon.colcon_core.package_identification:_identify(go2_description) by extensions ['colcon_pkg']
[0.220s] Level 1:colcon.colcon_core.package_identification:_identify(go2_description) by extension 'colcon_pkg'
[0.220s] Level 1:colcon.colcon_core.package_identification:_identify(go2_description) by extensions ['colcon_meta']
[0.220s] Level 1:colcon.colcon_core.package_identification:_identify(go2_description) by extension 'colcon_meta'
[0.220s] Level 1:colcon.colcon_core.package_identification:_identify(go2_description) by extensions ['ros']
[0.220s] Level 1:colcon.colcon_core.package_identification:_identify(go2_description) by extension 'ros'
[0.220s] DEBUG:colcon.colcon_core.package_identification:Package 'go2_description' with type 'ros.ament_cmake' and name 'go2_description'
[0.220s] Level 1:colcon.colcon_core.package_identification:_identify(install) by extensions ['ignore', 'ignore_ament_install']
[0.220s] Level 1:colcon.colcon_core.package_identification:_identify(install) by extension 'ignore'
[0.220s] Level 1:colcon.colcon_core.package_identification:_identify(install) ignored
[0.220s] Level 1:colcon.colcon_core.package_identification:_identify(log) by extensions ['ignore', 'ignore_ament_install']
[0.220s] Level 1:colcon.colcon_core.package_identification:_identify(log) by extension 'ignore'
[0.220s] Level 1:colcon.colcon_core.package_identification:_identify(log) ignored
[0.221s] Level 1:colcon.colcon_core.package_identification:_identify(media) by extensions ['ignore', 'ignore_ament_install']
[0.221s] Level 1:colcon.colcon_core.package_identification:_identify(media) by extension 'ignore'
[0.221s] Level 1:colcon.colcon_core.package_identification:_identify(media) by extension 'ignore_ament_install'
[0.221s] Level 1:colcon.colcon_core.package_identification:_identify(media) by extensions ['colcon_pkg']
[0.221s] Level 1:colcon.colcon_core.package_identification:_identify(media) by extension 'colcon_pkg'
[0.221s] Level 1:colcon.colcon_core.package_identification:_identify(media) by extensions ['colcon_meta']
[0.221s] Level 1:colcon.colcon_core.package_identification:_identify(media) by extension 'colcon_meta'
[0.221s] Level 1:colcon.colcon_core.package_identification:_identify(media) by extensions ['ros']
[0.221s] Level 1:colcon.colcon_core.package_identification:_identify(media) by extension 'ros'
[0.221s] Level 1:colcon.colcon_core.package_identification:_identify(media) by extensions ['cmake', 'python']
[0.221s] Level 1:colcon.colcon_core.package_identification:_identify(media) by extension 'cmake'
[0.221s] Level 1:colcon.colcon_core.package_identification:_identify(media) by extension 'python'
[0.221s] Level 1:colcon.colcon_core.package_identification:_identify(media) by extensions ['python_setup_py']
[0.221s] Level 1:colcon.colcon_core.package_identification:_identify(media) by extension 'python_setup_py'
[0.221s] Level 1:colcon.colcon_core.package_identification:_identify(quadropted_controller) by extensions ['ignore', 'ignore_ament_install']
[0.221s] Level 1:colcon.colcon_core.package_identification:_identify(quadropted_controller) by extension 'ignore'
[0.221s] Level 1:colcon.colcon_core.package_identification:_identify(quadropted_controller) by extension 'ignore_ament_install'
[0.221s] Level 1:colcon.colcon_core.package_identification:_identify(quadropted_controller) by extensions ['colcon_pkg']
[0.221s] Level 1:colcon.colcon_core.package_identification:_identify(quadropted_controller) by extension 'colcon_pkg'
[0.221s] Level 1:colcon.colcon_core.package_identification:_identify(quadropted_controller) by extensions ['colcon_meta']
[0.221s] Level 1:colcon.colcon_core.package_identification:_identify(quadropted_controller) by extension 'colcon_meta'
[0.221s] Level 1:colcon.colcon_core.package_identification:_identify(quadropted_controller) by extensions ['ros']
[0.221s] Level 1:colcon.colcon_core.package_identification:_identify(quadropted_controller) by extension 'ros'
[0.221s] DEBUG:colcon.colcon_core.package_identification:Package 'quadropted_controller' with type 'ros.ament_cmake' and name 'quadropted_controller'
[0.222s] Level 1:colcon.colcon_core.package_identification:_identify(quadropted_msgs) by extensions ['ignore', 'ignore_ament_install']
[0.222s] Level 1:colcon.colcon_core.package_identification:_identify(quadropted_msgs) by extension 'ignore'
[0.222s] Level 1:colcon.colcon_core.package_identification:_identify(quadropted_msgs) by extension 'ignore_ament_install'
[0.222s] Level 1:colcon.colcon_core.package_identification:_identify(quadropted_msgs) by extensions ['colcon_pkg']
[0.222s] Level 1:colcon.colcon_core.package_identification:_identify(quadropted_msgs) by extension 'colcon_pkg'
[0.222s] Level 1:colcon.colcon_core.package_identification:_identify(quadropted_msgs) by extensions ['colcon_meta']
[0.222s] Level 1:colcon.colcon_core.package_identification:_identify(quadropted_msgs) by extension 'colcon_meta'
[0.222s] Level 1:colcon.colcon_core.package_identification:_identify(quadropted_msgs) by extensions ['ros']
[0.222s] Level 1:colcon.colcon_core.package_identification:_identify(quadropted_msgs) by extension 'ros'
[0.222s] DEBUG:colcon.colcon_core.package_identification:Package 'quadropted_msgs' with type 'ros.ament_cmake' and name 'quadropted_msgs'
[0.222s] Level 1:colcon.colcon_core.package_discovery:discover_packages(recursive) using defaults
[0.222s] Level 1:colcon.colcon_core.package_discovery:discover_packages(ignore) discover
[0.222s] Level 1:colcon.colcon_core.package_discovery:discover_packages(ignore) using defaults
[0.222s] Level 1:colcon.colcon_core.package_discovery:discover_packages(path) discover
[0.222s] Level 1:colcon.colcon_core.package_discovery:discover_packages(path) using defaults
[0.240s] Level 1:colcon.colcon_core.package_discovery:discover_packages(prefix_path) check parameters
[0.240s] Level 1:colcon.colcon_core.package_discovery:discover_packages(prefix_path) discover
[0.242s] Level 1:colcon.colcon_core.package_discovery:discover_packages(prefix_path) using defaults
[0.243s] Level 5:colcon.colcon_core.verb:set package 'gazebo_sim' build argument 'cmake_args' from command line to 'None'
[0.243s] Level 5:colcon.colcon_core.verb:set package 'gazebo_sim' build argument 'cmake_target' from command line to 'None'
[0.243s] Level 5:colcon.colcon_core.verb:set package 'gazebo_sim' build argument 'cmake_target_skip_unavailable' from command line to 'False'
[0.243s] Level 5:colcon.colcon_core.verb:set package 'gazebo_sim' build argument 'cmake_clean_cache' from command line to 'False'
[0.243s] Level 5:colcon.colcon_core.verb:set package 'gazebo_sim' build argument 'cmake_clean_first' from command line to 'False'
[0.243s] Level 5:colcon.colcon_core.verb:set package 'gazebo_sim' build argument 'cmake_force_configure' from command line to 'False'
[0.243s] Level 5:colcon.colcon_core.verb:set package 'gazebo_sim' build argument 'ament_cmake_args' from command line to 'None'
[0.243s] Level 5:colcon.colcon_core.verb:set package 'gazebo_sim' build argument 'catkin_cmake_args' from command line to 'None'
[0.243s] Level 5:colcon.colcon_core.verb:set package 'gazebo_sim' build argument 'catkin_skip_building_tests' from command line to 'False'
[0.243s] DEBUG:colcon.colcon_core.verb:Building package 'gazebo_sim' with the following arguments: {'ament_cmake_args': None, 'build_base': '/home/stephber/go_sim/src/build/gazebo_sim', 'catkin_cmake_args': None, 'catkin_skip_building_tests': False, 'cmake_args': None, 'cmake_clean_cache': False, 'cmake_clean_first': False, 'cmake_force_configure': False, 'cmake_target': None, 'cmake_target_skip_unavailable': False, 'install_base': '/home/stephber/go_sim/src/install/gazebo_sim', 'merge_install': False, 'path': '/home/stephber/go_sim/src/gazebo_sim', 'symlink_install': True, 'test_result_base': None}
[0.243s] Level 5:colcon.colcon_core.verb:set package 'go1_description' build argument 'cmake_args' from command line to 'None'
[0.243s] Level 5:colcon.colcon_core.verb:set package 'go1_description' build argument 'cmake_target' from command line to 'None'
[0.243s] Level 5:colcon.colcon_core.verb:set package 'go1_description' build argument 'cmake_target_skip_unavailable' from command line to 'False'
[0.243s] Level 5:colcon.colcon_core.verb:set package 'go1_description' build argument 'cmake_clean_cache' from command line to 'False'
[0.243s] Level 5:colcon.colcon_core.verb:set package 'go1_description' build argument 'cmake_clean_first' from command line to 'False'
[0.243s] Level 5:colcon.colcon_core.verb:set package 'go1_description' build argument 'cmake_force_configure' from command line to 'False'
[0.243s] Level 5:colcon.colcon_core.verb:set package 'go1_description' build argument 'ament_cmake_args' from command line to 'None'
[0.243s] Level 5:colcon.colcon_core.verb:set package 'go1_description' build argument 'catkin_cmake_args' from command line to 'None'
[0.243s] Level 5:colcon.colcon_core.verb:set package 'go1_description' build argument 'catkin_skip_building_tests' from command line to 'False'
[0.243s] DEBUG:colcon.colcon_core.verb:Building package 'go1_description' with the following arguments: {'ament_cmake_args': None, 'build_base': '/home/stephber/go_sim/src/build/go1_description', 'catkin_cmake_args': None, 'catkin_skip_building_tests': False, 'cmake_args': None, 'cmake_clean_cache': False, 'cmake_clean_first': False, 'cmake_force_configure': False, 'cmake_target': None, 'cmake_target_skip_unavailable': False, 'install_base': '/home/stephber/go_sim/src/install/go1_description', 'merge_install': False, 'path': '/home/stephber/go_sim/src/go1_description', 'symlink_install': True, 'test_result_base': None}
[0.243s] Level 5:colcon.colcon_core.verb:set package 'go2_description' build argument 'cmake_args' from command line to 'None'
[0.243s] Level 5:colcon.colcon_core.verb:set package 'go2_description' build argument 'cmake_target' from command line to 'None'
[0.243s] Level 5:colcon.colcon_core.verb:set package 'go2_description' build argument 'cmake_target_skip_unavailable' from command line to 'False'
[0.243s] Level 5:colcon.colcon_core.verb:set package 'go2_description' build argument 'cmake_clean_cache' from command line to 'False'
[0.243s] Level 5:colcon.colcon_core.verb:set package 'go2_description' build argument 'cmake_clean_first' from command line to 'False'
[0.243s] Level 5:colcon.colcon_core.verb:set package 'go2_description' build argument 'cmake_force_configure' from command line to 'False'
[0.243s] Level 5:colcon.colcon_core.verb:set package 'go2_description' build argument 'ament_cmake_args' from command line to 'None'
[0.243s] Level 5:colcon.colcon_core.verb:set package 'go2_description' build argument 'catkin_cmake_args' from command line to 'None'
[0.243s] Level 5:colcon.colcon_core.verb:set package 'go2_description' build argument 'catkin_skip_building_tests' from command line to 'False'
[0.243s] DEBUG:colcon.colcon_core.verb:Building package 'go2_description' with the following arguments: {'ament_cmake_args': None, 'build_base': '/home/stephber/go_sim/src/build/go2_description', 'catkin_cmake_args': None, 'catkin_skip_building_tests': False, 'cmake_args': None, 'cmake_clean_cache': False, 'cmake_clean_first': False, 'cmake_force_configure': False, 'cmake_target': None, 'cmake_target_skip_unavailable': False, 'install_base': '/home/stephber/go_sim/src/install/go2_description', 'merge_install': False, 'path': '/home/stephber/go_sim/src/go2_description', 'symlink_install': True, 'test_result_base': None}
[0.243s] Level 5:colcon.colcon_core.verb:set package 'quadropted_controller' build argument 'cmake_args' from command line to 'None'
[0.243s] Level 5:colcon.colcon_core.verb:set package 'quadropted_controller' build argument 'cmake_target' from command line to 'None'
[0.243s] Level 5:colcon.colcon_core.verb:set package 'quadropted_controller' build argument 'cmake_target_skip_unavailable' from command line to 'False'
[0.243s] Level 5:colcon.colcon_core.verb:set package 'quadropted_controller' build argument 'cmake_clean_cache' from command line to 'False'
[0.243s] Level 5:colcon.colcon_core.verb:set package 'quadropted_controller' build argument 'cmake_clean_first' from command line to 'False'
[0.243s] Level 5:colcon.colcon_core.verb:set package 'quadropted_controller' build argument 'cmake_force_configure' from command line to 'False'
[0.243s] Level 5:colcon.colcon_core.verb:set package 'quadropted_controller' build argument 'ament_cmake_args' from command line to 'None'
[0.243s] Level 5:colcon.colcon_core.verb:set package 'quadropted_controller' build argument 'catkin_cmake_args' from command line to 'None'
[0.243s] Level 5:colcon.colcon_core.verb:set package 'quadropted_controller' build argument 'catkin_skip_building_tests' from command line to 'False'
[0.243s] DEBUG:colcon.colcon_core.verb:Building package 'quadropted_controller' with the following arguments: {'ament_cmake_args': None, 'build_base': '/home/stephber/go_sim/src/build/quadropted_controller', 'catkin_cmake_args': None, 'catkin_skip_building_tests': False, 'cmake_args': None, 'cmake_clean_cache': False, 'cmake_clean_first': False, 'cmake_force_configure': False, 'cmake_target': None, 'cmake_target_skip_unavailable': False, 'install_base': '/home/stephber/go_sim/src/install/quadropted_controller', 'merge_install': False, 'path': '/home/stephber/go_sim/src/quadropted_controller', 'symlink_install': True, 'test_result_base': None}
[0.244s] Level 5:colcon.colcon_core.verb:set package 'quadropted_msgs' build argument 'cmake_args' from command line to 'None'
[0.244s] Level 5:colcon.colcon_core.verb:set package 'quadropted_msgs' build argument 'cmake_target' from command line to 'None'
[0.244s] Level 5:colcon.colcon_core.verb:set package 'quadropted_msgs' build argument 'cmake_target_skip_unavailable' from command line to 'False'
[0.244s] Level 5:colcon.colcon_core.verb:set package 'quadropted_msgs' build argument 'cmake_clean_cache' from command line to 'False'
[0.244s] Level 5:colcon.colcon_core.verb:set package 'quadropted_msgs' build argument 'cmake_clean_first' from command line to 'False'
[0.244s] Level 5:colcon.colcon_core.verb:set package 'quadropted_msgs' build argument 'cmake_force_configure' from command line to 'False'
[0.244s] Level 5:colcon.colcon_core.verb:set package 'quadropted_msgs' build argument 'ament_cmake_args' from command line to 'None'
[0.244s] Level 5:colcon.colcon_core.verb:set package 'quadropted_msgs' build argument 'catkin_cmake_args' from command line to 'None'
[0.244s] Level 5:colcon.colcon_core.verb:set package 'quadropted_msgs' build argument 'catkin_skip_building_tests' from command line to 'False'
[0.244s] DEBUG:colcon.colcon_core.verb:Building package 'quadropted_msgs' with the following arguments: {'ament_cmake_args': None, 'build_base': '/home/stephber/go_sim/src/build/quadropted_msgs', 'catkin_cmake_args': None, 'catkin_skip_building_tests': False, 'cmake_args': None, 'cmake_clean_cache': False, 'cmake_clean_first': False, 'cmake_force_configure': False, 'cmake_target': None, 'cmake_target_skip_unavailable': False, 'install_base': '/home/stephber/go_sim/src/install/quadropted_msgs', 'merge_install': False, 'path': '/home/stephber/go_sim/src/quadropted_msgs', 'symlink_install': True, 'test_result_base': None}
[0.244s] INFO:colcon.colcon_core.executor:Executing jobs using 'parallel' executor
[0.244s] DEBUG:colcon.colcon_parallel_executor.executor.parallel:run_until_complete
[0.244s] INFO:colcon.colcon_ros.task.ament_cmake.build:Building ROS package in '/home/stephber/go_sim/src/gazebo_sim' with build type 'ament_cmake'
[0.244s] INFO:colcon.colcon_cmake.task.cmake.build:Building CMake package in '/home/stephber/go_sim/src/gazebo_sim'
[0.248s] INFO:colcon.colcon_core.plugin_system:Skipping extension 'colcon_core.shell.bat': Not used on non-Windows systems
[0.248s] INFO:colcon.colcon_core.shell:Skip shell extension 'powershell' for command environment: Not usable outside of PowerShell
[0.248s] DEBUG:colcon.colcon_core.shell:Skip shell extension 'dsv' for command environment
[0.249s] INFO:colcon.colcon_ros.task.ament_cmake.build:Building ROS package in '/home/stephber/go_sim/src/go1_description' with build type 'ament_cmake'
[0.249s] INFO:colcon.colcon_cmake.task.cmake.build:Building CMake package in '/home/stephber/go_sim/src/go1_description'
[0.249s] INFO:colcon.colcon_core.shell:Skip shell extension 'powershell' for command environment: Not usable outside of PowerShell
[0.249s] DEBUG:colcon.colcon_core.shell:Skip shell extension 'dsv' for command environment
[0.251s] INFO:colcon.colcon_ros.task.ament_cmake.build:Building ROS package in '/home/stephber/go_sim/src/go2_description' with build type 'ament_cmake'
[0.251s] INFO:colcon.colcon_cmake.task.cmake.build:Building CMake package in '/home/stephber/go_sim/src/go2_description'
[0.251s] INFO:colcon.colcon_core.shell:Skip shell extension 'powershell' for command environment: Not usable outside of PowerShell
[0.251s] DEBUG:colcon.colcon_core.shell:Skip shell extension 'dsv' for command environment
[0.252s] INFO:colcon.colcon_ros.task.ament_cmake.build:Building ROS package in '/home/stephber/go_sim/src/quadropted_controller' with build type 'ament_cmake'
[0.252s] INFO:colcon.colcon_cmake.task.cmake.build:Building CMake package in '/home/stephber/go_sim/src/quadropted_controller'
[0.253s] INFO:colcon.colcon_core.shell:Skip shell extension 'powershell' for command environment: Not usable outside of PowerShell
[0.253s] DEBUG:colcon.colcon_core.shell:Skip shell extension 'dsv' for command environment
[0.253s] INFO:colcon.colcon_ros.task.ament_cmake.build:Building ROS package in '/home/stephber/go_sim/src/quadropted_msgs' with build type 'ament_cmake'
[0.253s] INFO:colcon.colcon_cmake.task.cmake.build:Building CMake package in '/home/stephber/go_sim/src/quadropted_msgs'
[0.254s] INFO:colcon.colcon_core.shell:Skip shell extension 'powershell' for command environment: Not usable outside of PowerShell
[0.254s] DEBUG:colcon.colcon_core.shell:Skip shell extension 'dsv' for command environment
[0.256s] DEBUG:colcon.colcon_core.event_handler.log_command:Invoking command in '/home/stephber/go_sim/src/build/gazebo_sim': /usr/bin/cmake /home/stephber/go_sim/src/gazebo_sim -DAMENT_CMAKE_SYMLINK_INSTALL=1 -DCMAKE_INSTALL_PREFIX=/home/stephber/go_sim/src/install/gazebo_sim
[0.259s] DEBUG:colcon.colcon_core.event_handler.log_command:Invoking command in '/home/stephber/go_sim/src/build/go1_description': /usr/bin/cmake /home/stephber/go_sim/src/go1_description -DAMENT_CMAKE_SYMLINK_INSTALL=1 -DCMAKE_INSTALL_PREFIX=/home/stephber/go_sim/src/install/go1_description
[0.261s] DEBUG:colcon.colcon_core.event_handler.log_command:Invoking command in '/home/stephber/go_sim/src/build/go2_description': /usr/bin/cmake /home/stephber/go_sim/src/go2_description -DAMENT_CMAKE_SYMLINK_INSTALL=1 -DCMAKE_INSTALL_PREFIX=/home/stephber/go_sim/src/install/go2_description
[0.264s] DEBUG:colcon.colcon_core.event_handler.log_command:Invoking command in '/home/stephber/go_sim/src/build/quadropted_controller': /usr/bin/cmake /home/stephber/go_sim/src/quadropted_controller -DAMENT_CMAKE_SYMLINK_INSTALL=1 -DCMAKE_INSTALL_PREFIX=/home/stephber/go_sim/src/install/quadropted_controller
[0.267s] DEBUG:colcon.colcon_core.event_handler.log_command:Invoking command in '/home/stephber/go_sim/src/build/quadropted_msgs': /usr/bin/cmake /home/stephber/go_sim/src/quadropted_msgs -DAMENT_CMAKE_SYMLINK_INSTALL=1 -DCMAKE_INSTALL_PREFIX=/home/stephber/go_sim/src/install/quadropted_msgs
[0.609s] DEBUG:colcon.colcon_core.event_handler.log_command:Invoked command in '/home/stephber/go_sim/src/build/go2_description' returned '1': /usr/bin/cmake /home/stephber/go_sim/src/go2_description -DAMENT_CMAKE_SYMLINK_INSTALL=1 -DCMAKE_INSTALL_PREFIX=/home/stephber/go_sim/src/install/go2_description
[0.610s] DEBUG:colcon.colcon_core.event_handler.log_command:Invoked command in '/home/stephber/go_sim/src/build/quadropted_controller' returned '1': /usr/bin/cmake /home/stephber/go_sim/src/quadropted_controller -DAMENT_CMAKE_SYMLINK_INSTALL=1 -DCMAKE_INSTALL_PREFIX=/home/stephber/go_sim/src/install/quadropted_controller
[0.611s] DEBUG:colcon.colcon_core.event_handler.log_command:Invoked command in '/home/stephber/go_sim/src/build/quadropted_msgs' returned '1': /usr/bin/cmake /home/stephber/go_sim/src/quadropted_msgs -DAMENT_CMAKE_SYMLINK_INSTALL=1 -DCMAKE_INSTALL_PREFIX=/home/stephber/go_sim/src/install/quadropted_msgs
[0.612s] DEBUG:colcon.colcon_core.event_handler.log_command:Invoked command in '/home/stephber/go_sim/src/build/gazebo_sim' returned '1': /usr/bin/cmake /home/stephber/go_sim/src/gazebo_sim -DAMENT_CMAKE_SYMLINK_INSTALL=1 -DCMAKE_INSTALL_PREFIX=/home/stephber/go_sim/src/install/gazebo_sim
[0.612s] DEBUG:colcon.colcon_core.event_handler.log_command:Invoked command in '/home/stephber/go_sim/src/build/go1_description' returned '1': /usr/bin/cmake /home/stephber/go_sim/src/go1_description -DAMENT_CMAKE_SYMLINK_INSTALL=1 -DCMAKE_INSTALL_PREFIX=/home/stephber/go_sim/src/install/go1_description
[0.615s] Level 1:colcon.colcon_core.environment:create_environment_scripts_only(go2_description)
[0.620s] Level 1:colcon.colcon_core.environment:checking '/home/stephber/go_sim/src/install/go2_description' for CMake module files
[0.620s] Level 1:colcon.colcon_core.environment:checking '/home/stephber/go_sim/src/install/go2_description' for CMake config files
[0.620s] Level 1:colcon.colcon_core.environment:checking '/home/stephber/go_sim/src/install/go2_description/bin'
[0.620s] Level 1:colcon.colcon_core.environment:checking '/home/stephber/go_sim/src/install/go2_description/lib/pkgconfig/go2_description.pc'
[0.621s] Level 1:colcon.colcon_core.environment:checking '/home/stephber/go_sim/src/install/go2_description/lib/python3.10/site-packages'
[0.621s] Level 1:colcon.colcon_core.environment:checking '/home/stephber/go_sim/src/install/go2_description/bin'
[0.622s] INFO:colcon.colcon_core.shell:Creating package script '/home/stephber/go_sim/src/install/go2_description/share/go2_description/package.ps1'
[0.622s] INFO:colcon.colcon_core.shell:Creating package descriptor '/home/stephber/go_sim/src/install/go2_description/share/go2_description/package.dsv'
[0.623s] INFO:colcon.colcon_core.shell:Creating package script '/home/stephber/go_sim/src/install/go2_description/share/go2_description/package.sh'
[0.623s] INFO:colcon.colcon_core.shell:Creating package script '/home/stephber/go_sim/src/install/go2_description/share/go2_description/package.bash'
[0.624s] INFO:colcon.colcon_core.shell:Creating package script '/home/stephber/go_sim/src/install/go2_description/share/go2_description/package.zsh'
[0.624s] Level 1:colcon.colcon_core.environment:create_file_with_runtime_dependencies(/home/stephber/go_sim/src/install/go2_description/share/colcon-core/packages/go2_description)
[0.636s] DEBUG:colcon.colcon_parallel_executor.executor.parallel:closing loop
[0.636s] DEBUG:colcon.colcon_parallel_executor.executor.parallel:loop closed
[0.636s] DEBUG:colcon.colcon_parallel_executor.executor.parallel:run_until_complete finished with '1'
[0.636s] DEBUG:colcon.colcon_core.event_reactor:joining thread
[0.642s] INFO:colcon.colcon_core.plugin_system:Skipping extension 'colcon_notification.desktop_notification.notify_send': Could not find 'notify-send'
[0.642s] INFO:colcon.colcon_core.plugin_system:Skipping extension 'colcon_notification.desktop_notification.terminal_notifier': Not used on non-Darwin systems
[0.642s] INFO:colcon.colcon_core.plugin_system:Skipping extension 'colcon_notification.desktop_notification.win32': Not used on non-Windows systems
[0.642s] INFO:colcon.colcon_notification.desktop_notification:Sending desktop notification using 'notify2'
[0.642s] DEBUG:colcon.colcon_notification.desktop_notification.notify2:Failed to initialize notify2: org.freedesktop.DBus.Error.FileNotFound: Failed to connect to socket /run/user/1000/bus: No such file or directory
[0.642s] DEBUG:colcon.colcon_core.event_reactor:joined thread
[0.643s] INFO:colcon.colcon_core.shell:Creating prefix script '/home/stephber/go_sim/src/install/local_setup.ps1'
[0.643s] INFO:colcon.colcon_core.shell:Creating prefix util module '/home/stephber/go_sim/src/install/_local_setup_util_ps1.py'
[0.644s] INFO:colcon.colcon_core.shell:Creating prefix chain script '/home/stephber/go_sim/src/install/setup.ps1'
[0.645s] INFO:colcon.colcon_core.shell:Creating prefix script '/home/stephber/go_sim/src/install/local_setup.sh'
[0.645s] INFO:colcon.colcon_core.shell:Creating prefix util module '/home/stephber/go_sim/src/install/_local_setup_util_sh.py'
[0.645s] INFO:colcon.colcon_core.shell:Creating prefix chain script '/home/stephber/go_sim/src/install/setup.sh'
[0.646s] INFO:colcon.colcon_core.shell:Creating prefix script '/home/stephber/go_sim/src/install/local_setup.bash'
[0.646s] INFO:colcon.colcon_core.shell:Creating prefix chain script '/home/stephber/go_sim/src/install/setup.bash'
[0.647s] INFO:colcon.colcon_core.shell:Creating prefix script '/home/stephber/go_sim/src/install/local_setup.zsh'
[0.647s] INFO:colcon.colcon_core.shell:Creating prefix chain script '/home/stephber/go_sim/src/install/setup.zsh'
